17:46:19.014 [main] INFO  % logger {36} - Valid linkhttps://tutorialsninja.com/demo/index.php?route=account/wishlist
17:46:20.042 [main] INFO  % logger {36} - Valid linkhttps://tutorialsninja.com/demo/index.php?route=checkout/cart
17:46:20.829 [main] INFO  % logger {36} - Valid linkhttps://tutorialsninja.com/demo/index.php?route=checkout/checkout
17:46:21.424 [main] INFO  % logger {36} - Valid linkhttps://tutorialsninja.com/demo/index.php?route=common/home
17:46:22.602 [main] INFO  % logger {36} - Valid linkhttps://tutorialsninja.com/demo/index.php?route=product/category&path=20
17:46:23.159 [main] INFO  % logger {36} - Valid linkhttps://tutorialsninja.com/demo/index.php?route=product/category&path=20_26
17:46:23.791 [main] INFO  % logger {36} - Valid linkhttps://tutorialsninja.com/demo/index.php?route=product/category&path=20_27
17:46:24.247 [main] INFO  % logger {36} - Valid linkhttps://tutorialsninja.com/demo/index.php?route=product/category&path=20
17:46:24.987 [main] INFO  % logger {36} - Valid linkhttps://tutorialsninja.com/demo/index.php?route=product/category&path=18
17:46:25.529 [main] INFO  % logger {36} - Valid linkhttps://tutorialsninja.com/demo/index.php?route=product/category&path=18_46
17:46:26.033 [main] INFO  % logger {36} - Valid linkhttps://tutorialsninja.com/demo/index.php?route=product/category&path=18_45
17:46:26.599 [main] INFO  % logger {36} - Valid linkhttps://tutorialsninja.com/demo/index.php?route=product/category&path=18
17:46:27.229 [main] INFO  % logger {36} - Valid linkhttps://tutorialsninja.com/demo/index.php?route=product/category&path=25
17:46:28.128 [main] INFO  % logger {36} - Valid linkhttps://tutorialsninja.com/demo/index.php?route=product/category&path=25_29
17:46:28.930 [main] INFO  % logger {36} - Valid linkhttps://tutorialsninja.com/demo/index.php?route=product/category&path=25_28
17:46:29.765 [main] INFO  % logger {36} - Valid linkhttps://tutorialsninja.com/demo/index.php?route=product/category&path=25_30
17:46:30.567 [main] INFO  % logger {36} - Valid linkhttps://tutorialsninja.com/demo/index.php?route=product/category&path=25_31
17:46:31.420 [main] INFO  % logger {36} - Valid linkhttps://tutorialsninja.com/demo/index.php?route=product/category&path=25_32
17:46:32.524 [main] INFO  % logger {36} - Valid linkhttps://tutorialsninja.com/demo/index.php?route=product/category&path=25
17:46:33.263 [main] INFO  % logger {36} - Valid linkhttps://tutorialsninja.com/demo/index.php?route=product/category&path=57
17:46:33.963 [main] INFO  % logger {36} - Valid linkhttps://tutorialsninja.com/demo/index.php?route=product/category&path=17
17:46:34.850 [main] INFO  % logger {36} - Valid linkhttps://tutorialsninja.com/demo/index.php?route=product/category&path=24
17:46:35.779 [main] INFO  % logger {36} - Valid linkhttps://tutorialsninja.com/demo/index.php?route=product/category&path=33
17:46:37.194 [main] INFO  % logger {36} - Valid linkhttps://tutorialsninja.com/demo/index.php?route=product/category&path=34
17:46:37.967 [main] INFO  % logger {36} - Valid linkhttps://tutorialsninja.com/demo/index.php?route=product/category&path=34_43
17:46:38.697 [main] INFO  % logger {36} - Valid linkhttps://tutorialsninja.com/demo/index.php?route=product/category&path=34_44
17:46:39.398 [main] INFO  % logger {36} - Valid linkhttps://tutorialsninja.com/demo/index.php?route=product/category&path=34_47
17:46:40.104 [main] INFO  % logger {36} - Valid linkhttps://tutorialsninja.com/demo/index.php?route=product/category&path=34_48
17:46:40.656 [main] INFO  % logger {36} - Valid linkhttps://tutorialsninja.com/demo/index.php?route=product/category&path=34_49
17:46:41.945 [main] INFO  % logger {36} - Valid linkhttps://tutorialsninja.com/demo/index.php?route=product/category&path=34_50
17:46:42.757 [main] INFO  % logger {36} - Valid linkhttps://tutorialsninja.com/demo/index.php?route=product/category&path=34_51
17:46:43.789 [main] INFO  % logger {36} - Valid linkhttps://tutorialsninja.com/demo/index.php?route=product/category&path=34_52
17:46:44.504 [main] INFO  % logger {36} - Valid linkhttps://tutorialsninja.com/demo/index.php?route=product/category&path=34_53
17:46:45.328 [main] INFO  % logger {36} - Valid linkhttps://tutorialsninja.com/demo/index.php?route=product/category&path=34_54
17:46:45.942 [main] INFO  % logger {36} - Valid linkhttps://tutorialsninja.com/demo/index.php?route=product/category&path=34_55
17:46:46.982 [main] INFO  % logger {36} - Valid linkhttps://tutorialsninja.com/demo/index.php?route=product/category&path=34_56
17:46:47.888 [main] INFO  % logger {36} - Valid linkhttps://tutorialsninja.com/demo/index.php?route=product/category&path=34_38
17:46:48.708 [main] INFO  % logger {36} - Valid linkhttps://tutorialsninja.com/demo/index.php?route=product/category&path=34_37
17:46:49.595 [main] INFO  % logger {36} - Valid linkhttps://tutorialsninja.com/demo/index.php?route=product/category&path=34_39
17:46:50.348 [main] INFO  % logger {36} - Valid linkhttps://tutorialsninja.com/demo/index.php?route=product/category&path=34_40
