20:36:38.396 [main] INFO  % logger {36} - Valid linkhttps://tutorialsninja.com/demo/index.php?route=product/category&path=25_31
20:36:40.193 [main] INFO  % logger {36} - Valid linkhttps://tutorialsninja.com/demo/index.php?route=product/category&path=25_32
20:36:42.972 [main] INFO  % logger {36} - Valid linkhttps://tutorialsninja.com/demo/index.php?route=product/category&path=25
20:36:44.674 [main] INFO  % logger {36} - Valid linkhttps://tutorialsninja.com/demo/index.php?route=product/category&path=57
20:36:45.819 [main] INFO  % logger {36} - Valid linkhttps://tutorialsninja.com/demo/index.php?route=product/category&path=17
20:36:47.096 [main] INFO  % logger {36} - Valid linkhttps://tutorialsninja.com/demo/index.php?route=product/category&path=24
20:36:49.052 [main] INFO  % logger {36} - Valid linkhttps://tutorialsninja.com/demo/index.php?route=product/category&path=33
20:36:49.704 [main] INFO  % logger {36} - Valid linkhttps://tutorialsninja.com/demo/index.php?route=product/category&path=34
20:36:50.335 [main] INFO  % logger {36} - Valid linkhttps://tutorialsninja.com/demo/index.php?route=product/category&path=34_43
20:36:50.839 [main] INFO  % logger {36} - Valid linkhttps://tutorialsninja.com/demo/index.php?route=product/category&path=34_44
20:36:52.295 [main] INFO  % logger {36} - Valid linkhttps://tutorialsninja.com/demo/index.php?route=product/category&path=34_47
20:36:52.747 [main] INFO  % logger {36} - Valid linkhttps://tutorialsninja.com/demo/index.php?route=product/category&path=34_48
20:36:54.351 [main] INFO  % logger {36} - Valid linkhttps://tutorialsninja.com/demo/index.php?route=product/category&path=34_49
20:36:55.577 [main] INFO  % logger {36} - Valid linkhttps://tutorialsninja.com/demo/index.php?route=product/category&path=34_50
20:36:56.505 [main] INFO  % logger {36} - Valid linkhttps://tutorialsninja.com/demo/index.php?route=product/category&path=34_51
20:36:57.526 [main] INFO  % logger {36} - Valid linkhttps://tutorialsninja.com/demo/index.php?route=product/category&path=34_52
20:36:58.434 [main] INFO  % logger {36} - Valid linkhttps://tutorialsninja.com/demo/index.php?route=product/category&path=34_53
20:36:59.487 [main] INFO  % logger {36} - Valid linkhttps://tutorialsninja.com/demo/index.php?route=product/category&path=34_54
20:37:00.999 [main] INFO  % logger {36} - Valid linkhttps://tutorialsninja.com/demo/index.php?route=product/category&path=34_55
20:37:01.709 [main] INFO  % logger {36} - Valid linkhttps://tutorialsninja.com/demo/index.php?route=product/category&path=34_56
20:37:02.754 [main] INFO  % logger {36} - Valid linkhttps://tutorialsninja.com/demo/index.php?route=product/category&path=34_38
20:37:05.003 [main] INFO  % logger {36} - Valid linkhttps://tutorialsninja.com/demo/index.php?route=product/category&path=34_37
20:37:05.809 [main] INFO  % logger {36} - Valid linkhttps://tutorialsninja.com/demo/index.php?route=product/category&path=34_39
20:37:07.049 [main] INFO  % logger {36} - Valid linkhttps://tutorialsninja.com/demo/index.php?route=product/category&path=34_40
20:37:07.971 [main] INFO  % logger {36} - Valid linkhttps://tutorialsninja.com/demo/index.php?route=product/category&path=34_41
20:37:08.789 [main] INFO  % logger {36} - Valid linkhttps://tutorialsninja.com/demo/index.php?route=product/category&path=34_42
20:37:09.500 [main] INFO  % logger {36} - Valid linkhttps://tutorialsninja.com/demo/index.php?route=product/category&path=34
20:37:10.223 [main] INFO  % logger {36} - Valid linkhttps://tutorialsninja.com/demo/index.php?route=product/product&path=57&product_id=49
20:37:11.452 [main] INFO  % logger {36} - Valid linkhttps://tutorialsninja.com/demo/index.php?route=product/product&path=57&product_id=49
20:37:12.174 [main] INFO  % logger {36} - Valid linkhttps://tutorialsninja.com/demo/index.php?route=product/product&product_id=43
20:37:12.989 [main] INFO  % logger {36} - Valid linkhttps://tutorialsninja.com/demo/index.php?route=product/product&product_id=43
20:37:13.714 [main] INFO  % logger {36} - Valid linkhttps://tutorialsninja.com/demo/index.php?route=product/product&product_id=40
20:37:14.623 [main] INFO  % logger {36} - Valid linkhttps://tutorialsninja.com/demo/index.php?route=product/product&product_id=40
20:37:16.387 [main] INFO  % logger {36} - Valid linkhttps://tutorialsninja.com/demo/index.php?route=product/product&product_id=42
20:37:17.400 [main] INFO  % logger {36} - Valid linkhttps://tutorialsninja.com/demo/index.php?route=product/product&product_id=42
20:37:18.633 [main] INFO  % logger {36} - Valid linkhttps://tutorialsninja.com/demo/index.php?route=product/product&product_id=30
20:37:19.535 [main] INFO  % logger {36} - Valid linkhttps://tutorialsninja.com/demo/index.php?route=product/product&product_id=30
20:37:20.398 [main] INFO  % logger {36} - Valid linkhttps://tutorialsninja.com/demo/index.php?route=information/information&information_id=4
20:37:21.593 [main] INFO  % logger {36} - Valid linkhttps://tutorialsninja.com/demo/index.php?route=information/information&information_id=6
